<?xml version="1.0" encoding="UTF-8"?>
<testsuite xmlns:xsi="http://www.w3.org/2001/XMLSchema-instance" xsi:noNamespaceSchemaLocation="https://maven.apache.org/surefire/maven-surefire-plugin/xsd/surefire-test-report.xsd" name="Scenario feature file" time="0.011" tests="2" errors="0" skipped="0" failures="0">
  <properties>
[...]
</properties>
  <testcase name="Scenario Number One" classname="Scenario feature file" time="0.006"/>
  <testcase name="Scenario number two" classname="Scenario feature file" time="0.003"/>
</testsuite>